<?xml version="1.0" encoding="UTF-8"?>
<testng-results skipped="0" failed="0" ignored="0" total="4" passed="4">
  <reporter-output>
  </reporter-output>
  <suite name="Suite" duration-ms="54642" started-at="2020-08-24T19:21:11 CDT" finished-at="2020-08-24T19:22:05 CDT">
    <groups>
      <group name="AdminTests">
        <method signature="RegisteredPatientApprovalTests.validateAdminLoginAlertMessageAfterApproval(java.lang.String, java.lang.String, java.lang.String)[pri:3, instance:org.iit.mmp.adminmodule.tests.RegisteredPatientApprovalTests@1a04f701]" name="validateAdminLoginAlertMessageAfterApproval" class="org.iit.mmp.adminmodule.tests.RegisteredPatientApprovalTests"/>
      </group> <!-- AdminTests -->
      <group name="PatientRegistration">
        <method signature="PatientRegistrationTests.validatePatientLoginAlertMessageAfterApproval(java.lang.String, java.lang.String)[pri:4, instance:org.iit.mmp.patientmodule.tests.PatientRegistrationTests@2f112965]" name="validatePatientLoginAlertMessageAfterApproval" class="org.iit.mmp.patientmodule.tests.PatientRegistrationTests"/>
      </group> <!-- PatientRegistration -->
      <group name="PatientRegistrationTests">
        <method signature="PatientRegistrationTests.validatePatientLoginAlertMessageBeforeApproval(java.lang.String)[pri:2, instance:org.iit.mmp.patientmodule.tests.PatientRegistrationTests@2f112965]" name="validatePatientLoginAlertMessageBeforeApproval" class="org.iit.mmp.patientmodule.tests.PatientRegistrationTests"/>
        <method signature="PatientRegistrationTests.validateRegistration(java.lang.String)[pri:1, instance:org.iit.mmp.patientmodule.tests.PatientRegistrationTests@2f112965]" name="validateRegistration" class="org.iit.mmp.patientmodule.tests.PatientRegistrationTests"/>
      </group> <!-- PatientRegistrationTests -->
    </groups>
    <test name="PatientRegistrationTests" duration-ms="54642" started-at="2020-08-24T19:21:11 CDT" finished-at="2020-08-24T19:22:05 CDT">
      <class name="org.iit.mmp.patientmodule.tests.PatientRegistrationTests">
        <test-method status="PASS" signature="instantiateDriver()[pri:0, instance:org.iit.mmp.patientmodule.tests.PatientRegistrationTests@2f112965]" name="instantiateDriver" is-config="true" duration-ms="6705" started-at="2020-08-24T19:21:11 CDT" finished-at="2020-08-24T19:21:17 CDT">
          <reporter-output>
          </reporter-output>
        </test-method> <!-- instantiateDriver -->
        <test-method status="PASS" signature="validateRegistration(java.lang.String)[pri:1, instance:org.iit.mmp.patientmodule.tests.PatientRegistrationTests@2f112965]" name="validateRegistration" duration-ms="13122" started-at="2020-08-24T19:21:17 CDT" description="TC_001 Validation of Registration Functionality" finished-at="2020-08-24T19:21:31 CDT">
          <params>
            <param index="0">
              <value>
                <![CDATA[http://96.84.175.78/MMP-Release2-Integrated-Build.6.8.000]]>
              </value>
            </param>
          </params>
          <reporter-output>
          </reporter-output>
        </test-method> <!-- validateRegistration -->
        <test-method status="PASS" signature="validatePatientLoginAlertMessageBeforeApproval(java.lang.String)[pri:2, instance:org.iit.mmp.patientmodule.tests.PatientRegistrationTests@2f112965]" name="validatePatientLoginAlertMessageBeforeApproval" duration-ms="5393" started-at="2020-08-24T19:21:31 CDT" description="TC_002 Validation of PatientLogin Functionality" finished-at="2020-08-24T19:21:36 CDT">
          <params>
            <param index="0">
              <value>
                <![CDATA[http://96.84.175.78/MMP-Release2-Integrated-Build.6.8.000/portal/login.php]]>
              </value>
            </param>
          </params>
          <reporter-output>
          </reporter-output>
        </test-method> <!-- validatePatientLoginAlertMessageBeforeApproval -->
        <test-method status="PASS" signature="validatePatientLoginAlertMessageAfterApproval(java.lang.String, java.lang.String)[pri:4, instance:org.iit.mmp.patientmodule.tests.PatientRegistrationTests@2f112965]" name="validatePatientLoginAlertMessageAfterApproval" duration-ms="9638" depends-on-groups="AdminTests, AdminTests" started-at="2020-08-24T19:21:56 CDT" description="TC_003 Validation of PatientLogin Functionality" finished-at="2020-08-24T19:22:05 CDT">
          <params>
            <param index="0">
              <value>
                <![CDATA[http://96.84.175.78/MMP-Release2-Integrated-Build.6.8.000/portal/login.php]]>
              </value>
            </param>
            <param index="1">
              <value>
                <![CDATA[TC_003]]>
              </value>
            </param>
          </params>
          <reporter-output>
          </reporter-output>
        </test-method> <!-- validatePatientLoginAlertMessageAfterApproval -->
      </class> <!-- org.iit.mmp.patientmodule.tests.PatientRegistrationTests -->
      <class name="org.iit.mmp.adminmodule.tests.RegisteredPatientApprovalTests">
        <test-method status="PASS" signature="instantiateDriver()[pri:0, instance:org.iit.mmp.adminmodule.tests.RegisteredPatientApprovalTests@1a04f701]" name="instantiateDriver" is-config="true" duration-ms="5897" started-at="2020-08-24T19:21:36 CDT" finished-at="2020-08-24T19:21:42 CDT">
          <reporter-output>
          </reporter-output>
        </test-method> <!-- instantiateDriver -->
        <test-method status="PASS" signature="validateAdminLoginAlertMessageAfterApproval(java.lang.String, java.lang.String, java.lang.String)[pri:3, instance:org.iit.mmp.adminmodule.tests.RegisteredPatientApprovalTests@1a04f701]" name="validateAdminLoginAlertMessageAfterApproval" duration-ms="13809" started-at="2020-08-24T19:21:42 CDT" description="ATC_001 Validation of AdminLogin Functionality" finished-at="2020-08-24T19:21:56 CDT">
          <params>
            <param index="0">
              <value>
                <![CDATA[http://96.84.175.78/MMP-Release2-Integrated-Build.6.8.000]]>
              </value>
            </param>
            <param index="1">
              <value>
                <![CDATA[Thomas_444]]>
              </value>
            </param>
            <param index="2">
              <value>
                <![CDATA[Edison_444]]>
              </value>
            </param>
          </params>
          <reporter-output>
          </reporter-output>
        </test-method> <!-- validateAdminLoginAlertMessageAfterApproval -->
      </class> <!-- org.iit.mmp.adminmodule.tests.RegisteredPatientApprovalTests -->
    </test> <!-- PatientRegistrationTests -->
  </suite> <!-- Suite -->
</testng-results>
