<?xml version="1.0" encoding="UTF-8"?>
<testng-results skipped="0" failed="1" ignored="0" total="4" passed="3">
  <reporter-output>
  </reporter-output>
  <suite name="Suite" duration-ms="64335" started-at="2020-08-02T23:57:19 CDT" finished-at="2020-08-02T23:58:24 CDT">
    <groups>
    </groups>
    <test name="registrationTests" duration-ms="64335" started-at="2020-08-02T23:57:19 CDT" finished-at="2020-08-02T23:58:24 CDT">
      <class name="org.iit.mmp.tests.registrationTests">
        <test-method status="PASS" signature="instantiateDriver()[pri:0, instance:org.iit.mmp.tests.registrationTests@10bbd20a]" name="instantiateDriver" is-config="true" duration-ms="7653" started-at="2020-08-02T23:57:19 CDT" finished-at="2020-08-02T23:57:27 CDT">
          <reporter-output>
          </reporter-output>
        </test-method> <!-- instantiateDriver -->
        <test-method status="PASS" signature="validateRegistration(java.lang.String)[pri:1, instance:org.iit.mmp.tests.registrationTests@10bbd20a]" name="validateRegistration" duration-ms="18508" started-at="2020-08-02T23:57:27 CDT" finished-at="2020-08-02T23:57:46 CDT">
          <params>
            <param index="0">
              <value>
                <![CDATA[http://96.84.175.78/MMP-Release2-Integrated-Build.6.8.000]]>
              </value>
            </param>
          </params>
          <reporter-output>
          </reporter-output>
        </test-method> <!-- validateRegistration -->
        <test-method status="PASS" signature="validatePatientLoginAlertMessageBeforeApproval(java.lang.String)[pri:2, instance:org.iit.mmp.tests.registrationTests@10bbd20a]" name="validatePatientLoginAlertMessageBeforeApproval" duration-ms="9515" started-at="2020-08-02T23:57:46 CDT" finished-at="2020-08-02T23:57:55 CDT">
          <params>
            <param index="0">
              <value>
                <![CDATA[http://96.84.175.78/MMP-Release2-Integrated-Build.6.8.000/portal/login.php]]>
              </value>
            </param>
          </params>
          <reporter-output>
          </reporter-output>
        </test-method> <!-- validatePatientLoginAlertMessageBeforeApproval -->
        <test-method status="PASS" signature="validateAdminLoginAlertMessageAfterApproval(java.lang.String, java.lang.String, java.lang.String)[pri:3, instance:org.iit.mmp.tests.registrationTests@10bbd20a]" name="validateAdminLoginAlertMessageAfterApproval" duration-ms="15962" started-at="2020-08-02T23:57:55 CDT" finished-at="2020-08-02T23:58:11 CDT">
          <params>
            <param index="0">
              <value>
                <![CDATA[http://96.84.175.78/MMP-Release2-Integrated-Build.6.8.000]]>
              </value>
            </param>
            <param index="1">
              <value>
                <![CDATA[Thomas_444]]>
              </value>
            </param>
            <param index="2">
              <value>
                <![CDATA[Edison_444]]>
              </value>
            </param>
          </params>
          <reporter-output>
          </reporter-output>
        </test-method> <!-- validateAdminLoginAlertMessageAfterApproval -->
        <test-method status="FAIL" signature="validatePatientLoginAlertMessageAfterApproval(java.lang.String)[pri:4, instance:org.iit.mmp.tests.registrationTests@10bbd20a]" name="validatePatientLoginAlertMessageAfterApproval" duration-ms="12499" started-at="2020-08-02T23:58:11 CDT" finished-at="2020-08-02T23:58:24 CDT">
          <params>
            <param index="0">
              <value>
                <![CDATA[http://96.84.175.78/MMP-Release2-Integrated-Build.6.8.000/portal/login.php]]>
              </value>
            </param>
          </params>
          <exception class="java.lang.AssertionError">
            <message>
              <![CDATA[expected [home] but found [Patient Portal]]]>
            </message>
            <full-stacktrace>
              <![CDATA[java.lang.AssertionError: expected [home] but found [Patient Portal]
at org.testng.Assert.fail(Assert.java:97)
at org.testng.Assert.assertEqualsImpl(Assert.java:136)
at org.testng.Assert.assertEquals(Assert.java:118)
at org.testng.Assert.assertEquals(Assert.java:575)
at org.testng.Assert.assertEquals(Assert.java:585)
at org.iit.mmp.tests.registrationTests.validatePatientLoginAlertMessageAfterApproval(registrationTests.java:56)
at sun.reflect.NativeMethodAccessorImpl.invoke0(Native Method)
at sun.reflect.NativeMethodAccessorImpl.invoke(NativeMethodAccessorImpl.java:62)
at sun.reflect.DelegatingMethodAccessorImpl.invoke(DelegatingMethodAccessorImpl.java:43)
at java.lang.reflect.Method.invoke(Method.java:498)
at org.testng.internal.MethodInvocationHelper.invokeMethod(MethodInvocationHelper.java:134)
at org.testng.internal.TestInvoker.invokeMethod(TestInvoker.java:597)
at org.testng.internal.TestInvoker.invokeTestMethod(TestInvoker.java:173)
at org.testng.internal.MethodRunner.runInSequence(MethodRunner.java:46)
at org.testng.internal.TestInvoker$MethodInvocationAgent.invoke(TestInvoker.java:816)
at org.testng.internal.TestInvoker.invokeTestMethods(TestInvoker.java:146)
at org.testng.internal.TestMethodWorker.invokeTestMethods(TestMethodWorker.java:146)
at org.testng.internal.TestMethodWorker.run(TestMethodWorker.java:128)
at java.util.ArrayList.forEach(ArrayList.java:1257)
at org.testng.TestRunner.privateRun(TestRunner.java:766)
at org.testng.TestRunner.run(TestRunner.java:587)
at org.testng.SuiteRunner.runTest(SuiteRunner.java:384)
at org.testng.SuiteRunner.runSequentially(SuiteRunner.java:378)
at org.testng.SuiteRunner.privateRun(SuiteRunner.java:337)
at org.testng.SuiteRunner.run(SuiteRunner.java:286)
at org.testng.SuiteRunnerWorker.runSuite(SuiteRunnerWorker.java:53)
at org.testng.SuiteRunnerWorker.run(SuiteRunnerWorker.java:96)
at org.testng.TestNG.runSuitesSequentially(TestNG.java:1187)
at org.testng.TestNG.runSuitesLocally(TestNG.java:1109)
at org.testng.TestNG.runSuites(TestNG.java:1039)
at org.testng.TestNG.run(TestNG.java:1007)
at org.testng.remote.AbstractRemoteTestNG.run(AbstractRemoteTestNG.java:115)
at org.testng.remote.RemoteTestNG.initAndRun(RemoteTestNG.java:251)
at org.testng.remote.RemoteTestNG.main(RemoteTestNG.java:77)
]]>
            </full-stacktrace>
          </exception> <!-- java.lang.AssertionError -->
          <reporter-output>
          </reporter-output>
        </test-method> <!-- validatePatientLoginAlertMessageAfterApproval -->
      </class> <!-- org.iit.mmp.tests.registrationTests -->
    </test> <!-- registrationTests -->
  </suite> <!-- Suite -->
</testng-results>
